# JRE version: OpenJDK Runtime Environment Temurin-21.0.4+7 (21.0.4+7) (build 21.0.4+7-LTS)
# Java VM: OpenJDK 64-Bit Server VM Temurin-21.0.4+7 (21.0.4+7-LTS, mixed mode, tiered, compressed oops, compressed class ptrs, g1 gc, windows-amd64)
GC Precious Log:
 CardTable entry size: 512
 Card Set container configuration: InlinePtr #cards 4 size 8 Array Of Cards #cards 16 size 48 Howl #buckets 8 coarsen threshold 3686 Howl Bitmap #cards 512 size 80 coarsen threshold 460 Card regions per heap region 1 cards per card region 4096
 CPUs: 4 total, 4 available
 Memory: 16245M
 Large Page Support: Disabled
 NUMA Support: Disabled
 Compressed Oops: Enabled (Zero based)
 Heap Region Size: 2M
 Heap Min Capacity: 8M
 Heap Initial Capacity: 254M
 Heap Max Capacity: 4062M
 Pre-touch: Disabled
 Parallel Workers: 4
 Concurrent Workers: 1
 Concurrent Refinement Workers: 4
 Periodic GC: Disabled
Heap:
 garbage-first heap   total 61440K, used 33215K [0x0000000702200000, 0x0000000800000000)
  region size 2048K, 4 young (8192K), 1 survivors (2048K)
 Metaspace       used 77482K, committed 78592K, reserved 1179648K
  class space    used 9842K, committed 10304K, reserved 1048576K
GC Heap History (20 events):
Event: 6.776 GC heap before
{Heap before GC invocations=8 (full 0):
 garbage-first heap   total 147456K, used 35001K [0x0000000702200000, 0x0000000800000000)
  region size 2048K, 12 young (24576K), 1 survivors (2048K)
 Metaspace       used 35522K, committed 35968K, reserved 1114112K
  class space    used 4072K, committed 4288K, reserved 1048576K
}
Event: 6.784 GC heap after
{Heap after GC invocations=9 (full 0):
 garbage-first heap   total 147456K, used 17063K [0x0000000702200000, 0x0000000800000000)
  region size 2048K, 2 young (4096K), 2 survivors (4096K)
 Metaspace       used 35522K, committed 35968K, reserved 1114112K
  class space    used 4072K, committed 4288K, reserved 1048576K
}
Event: 8.597 GC heap before
{Heap before GC invocations=10 (full 0):
 garbage-first heap   total 61440K, used 49831K [0x0000000702200000, 0x0000000800000000)
  region size 2048K, 18 young (36864K), 2 survivors (4096K)
 Metaspace       used 43254K, committed 43776K, reserved 1114112K
  class space    used 5103K, committed 5312K, reserved 1048576K
}
Event: 8.605 GC heap after
{Heap after GC invocations=11 (full 0):
 garbage-first heap   total 61440K, used 19261K [0x0000000702200000, 0x0000000800000000)
  region size 2048K, 3 young (6144K), 3 survivors (6144K)
 Metaspace       used 43254K, committed 43776K, reserved 1114112K
  class space    used 5103K, committed 5312K, reserved 1048576K
}
Event: 10.093 GC heap before
{Heap before GC invocations=11 (full 0):
 garbage-first heap   total 61440K, used 45885K [0x0000000702200000, 0x0000000800000000)
  region size 2048K, 16 young (32768K), 3 survivors (6144K)
 Metaspace       used 50847K, committed 51456K, reserved 1114112K
  class space    used 6227K, committed 6528K, reserved 1048576K
}
Event: 10.104 GC heap after
{Heap after GC invocations=12 (full 0):
 garbage-first heap   total 61440K, used 21451K [0x0000000702200000, 0x0000000800000000)
  region size 2048K, 2 young (4096K), 2 survivors (4096K)
 Metaspace       used 50847K, committed 51456K, reserved 1114112K
  class space    used 6227K, committed 6528K, reserved 1048576K
}
Event: 11.356 GC heap before
{Heap before GC invocations=12 (full 0):
 garbage-first heap   total 61440K, used 46027K [0x0000000702200000, 0x0000000800000000)
  region size 2048K, 15 young (30720K), 2 survivors (4096K)
 Metaspace       used 58381K, committed 59008K, reserved 1114112K
  class space    used 7270K, committed 7552K, reserved 1048576K
}
Event: 11.360 GC heap after
{Heap after GC invocations=13 (full 0):
 garbage-first heap   total 61440K, used 22624K [0x0000000702200000, 0x0000000800000000)
  region size 2048K, 2 young (4096K), 2 survivors (4096K)
 Metaspace       used 58381K, committed 59008K, reserved 1114112K
  class space    used 7270K, committed 7552K, reserved 1048576K
}
Event: 11.523 GC heap before
{Heap before GC invocations=13 (full 0):
 garbage-first heap   total 61440K, used 24672K [0x0000000702200000, 0x0000000800000000)
  region size 2048K, 4 young (8192K), 2 survivors (4096K)
 Metaspace       used 59593K, committed 60160K, reserved 1114112K
  class space    used 7403K, committed 7680K, reserved 1048576K
}
Event: 11.528 GC heap after
{Heap after GC invocations=14 (full 0):
 garbage-first heap   total 61440K, used 22933K [0x0000000702200000, 0x0000000800000000)
  region size 2048K, 1 young (2048K), 1 survivors (2048K)
 Metaspace       used 59593K, committed 60160K, reserved 1114112K
  class space    used 7403K, committed 7680K, reserved 1048576K
}
Event: 13.335 GC heap before
{Heap before GC invocations=15 (full 0):
 garbage-first heap   total 61440K, used 51605K [0x0000000702200000, 0x0000000800000000)
  region size 2048K, 15 young (30720K), 1 survivors (2048K)
 Metaspace       used 65874K, committed 66560K, reserved 1114112K
  class space    used 8471K, committed 8768K, reserved 1048576K
}
Event: 13.339 GC heap after
{Heap after GC invocations=16 (full 0):
 garbage-first heap   total 61440K, used 24234K [0x0000000702200000, 0x0000000800000000)
  region size 2048K, 2 young (4096K), 2 survivors (4096K)
 Metaspace       used 65874K, committed 66560K, reserved 1114112K
  class space    used 8471K, committed 8768K, reserved 1048576K
}
Event: 14.326 GC heap before
{Heap before GC invocations=16 (full 0):
 garbage-first heap   total 61440K, used 50858K [0x0000000702200000, 0x0000000800000000)
  region size 2048K, 15 young (30720K), 2 survivors (4096K)
 Metaspace       used 69960K, committed 70656K, reserved 1114112K
  class space    used 8964K, committed 9280K, reserved 1048576K
}
Event: 14.336 GC heap after
{Heap after GC invocations=17 (full 0):
 garbage-first heap   total 61440K, used 25950K [0x0000000702200000, 0x0000000800000000)
  region size 2048K, 2 young (4096K), 2 survivors (4096K)
 Metaspace       used 69960K, committed 70656K, reserved 1114112K
  class space    used 8964K, committed 9280K, reserved 1048576K
}
Event: 4413.726 GC heap before
{Heap before GC invocations=17 (full 0):
 garbage-first heap   total 61440K, used 52574K [0x0000000702200000, 0x0000000800000000)
  region size 2048K, 15 young (30720K), 2 survivors (4096K)
 Metaspace       used 73380K, committed 74176K, reserved 1114112K
  class space    used 9369K, committed 9728K, reserved 1048576K
}
Event: 4413.787 GC heap after
{Heap after GC invocations=18 (full 0):
 garbage-first heap   total 61440K, used 28338K [0x0000000702200000, 0x0000000800000000)
  region size 2048K, 2 young (4096K), 2 survivors (4096K)
 Metaspace       used 73380K, committed 74176K, reserved 1114112K
  class space    used 9369K, committed 9728K, reserved 1048576K
}
Event: 8894.745 GC heap before
{Heap before GC invocations=18 (full 0):
 garbage-first heap   total 61440K, used 48818K [0x0000000702200000, 0x0000000800000000)
  region size 2048K, 13 young (26624K), 2 survivors (4096K)
 Metaspace       used 77567K, committed 78400K, reserved 1179648K
  class space    used 9923K, committed 10304K, reserved 1048576K
}
Event: 8894.786 GC heap after
{Heap after GC invocations=19 (full 0):
 garbage-first heap   total 61440K, used 29228K [0x0000000702200000, 0x0000000800000000)
  region size 2048K, 1 young (2048K), 1 survivors (2048K)
 Metaspace       used 77567K, committed 78400K, reserved 1179648K
  class space    used 9923K, committed 10304K, reserved 1048576K
}
Event: 21096.554 GC heap before
{Heap before GC invocations=20 (full 0):
 garbage-first heap   total 61440K, used 53804K [0x0000000702200000, 0x0000000800000000)
  region size 2048K, 13 young (26624K), 1 survivors (2048K)
 Metaspace       used 77363K, committed 78464K, reserved 1179648K
  class space    used 9836K, committed 10304K, reserved 1048576K
}
Event: 21096.655 GC heap after
{Heap after GC invocations=21 (full 0):
 garbage-first heap   total 61440K, used 29119K [0x0000000702200000, 0x0000000800000000)
  region size 2048K, 1 young (2048K), 1 survivors (2048K)
 Metaspace       used 77363K, committed 78464K, reserved 1179648K
  class space    used 9836K, committed 10304K, reserved 1048576K
}

